<?xml version="1.0" encoding="UTF-8"?>
<!-- Generated by org.testng.reporters.JUnitReportReporter -->
<testsuite skipped="0" hostname="DESKTOP-7BIFSQS" name="com.test.mainlinetestvismc.testcases.StartApplicationAndLogin" tests="1" failures="0" timestamp="11 Sep 2018 16:34:43 GMT" time="275.533" errors="0">
  <testcase name="launchpad" time="275.533" classname="com.test.mainlinetestvismc.testcases.StartApplicationAndLogin"/>
</testsuite> <!-- com.test.mainlinetestvismc.testcases.StartApplicationAndLogin -->
