<?xml version="1.0" encoding="UTF-8"?>
<!-- Generated by org.testng.reporters.JUnitReportReporter -->
<testsuite skipped="0" hostname="DESKTOP-7BIFSQS" name="com.test.mainlinetestvismc.pages.Launch" tests="1" failures="0" timestamp="08 Sep 2018 15:34:19 GMT" time="221.896" errors="0">
  <testcase name="launchpad" time="221.896" classname="com.test.mainlinetestvismc.pages.Launch"/>
</testsuite> <!-- com.test.mainlinetestvismc.pages.Launch -->
